#
# There is insufficient memory for the Java Runtime Environment to continue.
# Native memory allocation (mmap) failed to map 75497472 bytes for committing reserved memory.
# Possible reasons:
#   The system is out of physical RAM or swap space
#   In 32 bit mode, the process size limit was hit
# Possible solutions:
#   Reduce memory load on the system
#   Increase physical memory or swap space
#   Check if swap backing store is full
#   Use 64 bit Java on a 64 bit OS
#   Decrease Java heap size (-Xmx/-Xms)
#   Decrease number of Java threads
#   Decrease Java thread stack sizes (-Xss)
#   Set larger code cache with -XX:ReservedCodeCacheSize=
# This output file may be truncated or incomplete.
#
#  Out of Memory Error (os_linux.cpp:2627), pid=10389, tid=0x00007f58dccfc700
#
# JRE version: OpenJDK Runtime Environment (8.0_76-b03) (build 1.8.0_76-release-b03)
# Java VM: OpenJDK 64-Bit Server VM (25.76-b03 mixed mode linux-amd64 compressed oops)
# Failed to write core dump. Core dumps have been disabled. To enable core dumping, try "ulimit -c unlimited" before starting Java again
#

---------------  T H R E A D  ---------------

Current thread (0x00007f58ec073000):  VMThread [stack: 0x00007f58dcbfc000,0x00007f58dccfd000] [id=10396]

Stack: [0x00007f58dcbfc000,0x00007f58dccfd000],  sp=0x00007f58dccfb4c0,  free space=1021k
Native frames: (J=compiled Java code, j=interpreted, Vv=VM code, C=native code)
V  [libjvm.so+0x9d9fcd]  VMError::report_and_die()+0x15d
V  [libjvm.so+0x4b4d4a]  report_vm_out_of_memory(char const*, int, unsigned long, VMErrorType, char const*)+0x8a
V  [libjvm.so+0x845190]  os::pd_commit_memory(char*, unsigned long, unsigned long, bool)+0xf0
V  [libjvm.so+0x83fcbf]  os::commit_memory(char*, unsigned long, unsigned long, bool)+0x1f
V  [libjvm.so+0x8b4d9b]  PSVirtualSpace::expand_by(unsigned long)+0x5b
V  [libjvm.so+0x8b5a10]  PSYoungGen::resize_generation(unsigned long, unsigned long)+0xb0
V  [libjvm.so+0x8b5d2b]  PSYoungGen::resize(unsigned long, unsigned long)+0x1b
V  [libjvm.so+0x8b241c]  PSScavenge::invoke_no_policy()+0xdac
V  [libjvm.so+0x8b2bf8]  PSScavenge::invoke()+0x38
V  [libjvm.so+0x8681f3]  ParallelScavengeHeap::failed_mem_allocate(unsigned long)+0x63
V  [libjvm.so+0x9dba94]  VM_ParallelGCFailedAllocation::doit()+0x84
V  [libjvm.so+0x9dfe47]  VM_Operation::evaluate()+0x47
V  [libjvm.so+0x9de908]  VMThread::evaluate_operation(VM_Operation*)+0x2c8
V  [libjvm.so+0x9ded89]  VMThread::loop()+0x219
V  [libjvm.so+0x9df1d2]  VMThread::run()+0x72
V  [libjvm.so+0x8425b2]  java_start(Thread*)+0xf2

VM_Operation (0x00007f58f4b43b00): ParallelGCFailedAllocation, mode: safepoint, requested by thread 0x00007f58ec00a000


---------------  P R O C E S S  ---------------

Java Threads: ( => current thread )
  0x00007f58ec0b9000 JavaThread "Service Thread" daemon [_thread_blocked, id=10402, stack(0x00007f58dc230000,0x00007f58dc331000)]
  0x00007f58ec0b6800 JavaThread "C1 CompilerThread1" daemon [_thread_blocked, id=10401, stack(0x00007f58dc331000,0x00007f58dc432000)]
  0x00007f58ec0b3800 JavaThread "C2 CompilerThread0" daemon [_thread_blocked, id=10400, stack(0x00007f58dc432000,0x00007f58dc533000)]
  0x00007f58ec0b2000 JavaThread "Signal Dispatcher" daemon [_thread_blocked, id=10399, stack(0x00007f58dc533000,0x00007f58dc634000)]
  0x00007f58ec07f800 JavaThread "Finalizer" daemon [_thread_blocked, id=10398, stack(0x00007f58dc9fa000,0x00007f58dcafb000)]
  0x00007f58ec07b000 JavaThread "Reference Handler" daemon [_thread_blocked, id=10397, stack(0x00007f58dcafb000,0x00007f58dcbfc000)]
  0x00007f58ec00a000 JavaThread "main" [_thread_blocked, id=10393, stack(0x00007f58f4a46000,0x00007f58f4b47000)]

Other Threads:
=>0x00007f58ec073000 VMThread [stack: 0x00007f58dcbfc000,0x00007f58dccfd000] [id=10396]
  0x00007f58ec0bb800 WatcherThread [stack: 0x00007f58dc12f000,0x00007f58dc230000] [id=10403]

VM state:at safepoint (normal execution)

VM Mutex/Monitor currently owned by a thread:  ([mutex/lock_event])
[0x00007f58ec0064a0] Threads_lock - owner thread: 0x00007f58ec073000
[0x00007f58ec0069a0] Heap_lock - owner thread: 0x00007f58ec00a000

Heap:
 PSYoungGen      total 51200K, used 2020K [0x00000000eab00000, 0x00000000edf00000, 0x0000000100000000)
  eden space 49152K, 0% used [0x00000000eab00000,0x00000000eab00000,0x00000000edb00000)
  from space 2048K, 98% used [0x00000000edb00000,0x00000000edcf9120,0x00000000edd00000)
  to   space 2048K, 0% used [0x00000000edd00000,0x00000000edd00000,0x00000000edf00000)
 ParOldGen       total 32768K, used 27448K [0x00000000c0000000, 0x00000000c2000000, 0x00000000eab00000)
  object space 32768K, 83% used [0x00000000c0000000,0x00000000c1ace050,0x00000000c2000000)
 Metaspace       used 5449K, capacity 6896K, committed 7040K, reserved 1056768K
  class space    used 517K, capacity 616K, committed 640K, reserved 1048576K

Card table byte_map: [0x00007f58f16ec000,0x00007f58f18ed000] byte_map_base: 0x00007f58f10ec000

Marking Bits: (ParMarkBitMap*) 0x00007f58f3f1e1a0
 Begin Bits: [0x00007f58d6000000, 0x00007f58d7000000)
 End Bits:   [0x00007f58d7000000, 0x00007f58d8000000)

Polling page: 0x00007f58f4b6e000

CodeCache: size=245760Kb used=5516Kb max_used=5516Kb free=240243Kb
 bounds [0x00007f58dd000000, 0x00007f58dd570000, 0x00007f58ec000000]
 total_blobs=1601 nmethods=1346 adapters=171
 compilation: enabled

Compilation events (10 events):
Event: 5.100 Thread 0x00007f58ec0b6800 1382       1       com.android.dx.util.Bits::makeBitSet (11 bytes)
Event: 5.100 Thread 0x00007f58ec0b6800 nmethod 1382 0x00007f58dd562690 code [0x00007f58dd5627e0, 0x00007f58dd562950]
Event: 5.102 Thread 0x00007f58ec0b6800 1383       2       com.android.dx.ssa.back.FirstFitLocalCombiningAllocator::processPhiInsn (255 bytes)
Event: 5.105 Thread 0x00007f58ec0b6800 nmethod 1383 0x00007f58dd5629d0 code [0x00007f58dd562c80, 0x00007f58dd5637f8]
Event: 5.141 Thread 0x00007f58ec0b6800 1384       2       java.lang.String::getBytes (27 bytes)
Event: 5.142 Thread 0x00007f58ec0b6800 nmethod 1384 0x00007f58dd5648d0 code [0x00007f58dd564a40, 0x00007f58dd564c78]
Event: 5.142 Thread 0x00007f58ec0b6800 1385   !   2       java.lang.StringCoding$StringEncoder::encode (179 bytes)
Event: 5.144 Thread 0x00007f58ec0b6800 nmethod 1385 0x00007f58dd564d90 code [0x00007f58dd564fe0, 0x00007f58dd565b38]
Event: 5.149 Thread 0x00007f58ec0b6800 1386       2       com.android.dx.ssa.SsaRenamer::<init> (100 bytes)
Event: 5.150 Thread 0x00007f58ec0b6800 nmethod 1386 0x00007f58dd5665d0 code [0x00007f58dd566760, 0x00007f58dd566c88]

GC Heap History (9 events):
Event: 2.275 GC heap before
{Heap before GC invocations=1 (full 0):
 PSYoungGen      total 14336K, used 12288K [0x00000000eab00000, 0x00000000ebb00000, 0x0000000100000000)
  eden space 12288K, 100% used [0x00000000eab00000,0x00000000eb700000,0x00000000eb700000)
  from space 2048K, 0% used [0x00000000eb900000,0x00000000eb900000,0x00000000ebb00000)
  to   space 2048K, 0% used [0x00000000eb700000,0x00000000eb700000,0x00000000eb900000)
 ParOldGen       total 32768K, used 0K [0x00000000c0000000, 0x00000000c2000000, 0x00000000eab00000)
  object space 32768K, 0% used [0x00000000c0000000,0x00000000c0000000,0x00000000c2000000)
 Metaspace       used 5092K, capacity 6640K, committed 6784K, reserved 1056768K
  class space    used 512K, capacity 616K, committed 640K, reserved 1048576K
Event: 2.312 GC heap after
Heap after GC invocations=1 (full 0):
 PSYoungGen      total 14336K, used 2043K [0x00000000eab00000, 0x00000000ec700000, 0x0000000100000000)
  eden space 12288K, 0% used [0x00000000eab00000,0x00000000eab00000,0x00000000eb700000)
  from space 2048K, 99% used [0x00000000eb700000,0x00000000eb8fedd0,0x00000000eb900000)
  to   space 2048K, 0% used [0x00000000ec500000,0x00000000ec500000,0x00000000ec700000)
 ParOldGen       total 32768K, used 1254K [0x00000000c0000000, 0x00000000c2000000, 0x00000000eab00000)
  object space 32768K, 3% used [0x00000000c0000000,0x00000000c0139bf0,0x00000000c2000000)
 Metaspace       used 5092K, capacity 6640K, committed 6784K, reserved 1056768K
  class space    used 512K, capacity 616K, committed 640K, reserved 1048576K
}
Event: 2.874 GC heap before
{Heap before GC invocations=2 (full 0):
 PSYoungGen      total 14336K, used 14331K [0x00000000eab00000, 0x00000000ec700000, 0x0000000100000000)
  eden space 12288K, 100% used [0x00000000eab00000,0x00000000eb700000,0x00000000eb700000)
  from space 2048K, 99% used [0x00000000eb700000,0x00000000eb8fedd0,0x00000000eb900000)
  to   space 2048K, 0% used [0x00000000ec500000,0x00000000ec500000,0x00000000ec700000)
 ParOldGen       total 32768K, used 1254K [0x00000000c0000000, 0x00000000c2000000, 0x00000000eab00000)
  object space 32768K, 3% used [0x00000000c0000000,0x00000000c0139bf0,0x00000000c2000000)
 Metaspace       used 5246K, capacity 6768K, committed 7040K, reserved 1056768K
  class space    used 514K, capacity 616K, committed 640K, reserved 1048576K
Event: 2.887 GC heap after
Heap after GC invocations=2 (full 0):
 PSYoungGen      total 26624K, used 2032K [0x00000000eab00000, 0x00000000ec700000, 0x0000000100000000)
  eden space 24576K, 0% used [0x00000000eab00000,0x00000000eab00000,0x00000000ec300000)
  from space 2048K, 99% used [0x00000000ec500000,0x00000000ec6fc048,0x00000000ec700000)
  to   space 2048K, 0% used [0x00000000ec300000,0x00000000ec300000,0x00000000ec500000)
 ParOldGen       total 32768K, used 2913K [0x00000000c0000000, 0x00000000c2000000, 0x00000000eab00000)
  object space 32768K, 8% used [0x00000000c0000000,0x00000000c02d8548,0x00000000c2000000)
 Metaspace       used 5246K, capacity 6768K, committed 7040K, reserved 1056768K
  class space    used 514K, capacity 616K, committed 640K, reserved 1048576K
}
Event: 3.492 GC heap before
{Heap before GC invocations=3 (full 0):
 PSYoungGen      total 26624K, used 26608K [0x00000000eab00000, 0x00000000ec700000, 0x0000000100000000)
  eden space 24576K, 100% used [0x00000000eab00000,0x00000000ec300000,0x00000000ec300000)
  from space 2048K, 99% used [0x00000000ec500000,0x00000000ec6fc048,0x00000000ec700000)
  to   space 2048K, 0% used [0x00000000ec300000,0x00000000ec300000,0x00000000ec500000)
 ParOldGen       total 32768K, used 2913K [0x00000000c0000000, 0x00000000c2000000, 0x00000000eab00000)
  object space 32768K, 8% used [0x00000000c0000000,0x00000000c02d8548,0x00000000c2000000)
 Metaspace       used 5299K, capacity 6768K, committed 7040K, reserved 1056768K
  class space    used 517K, capacity 616K, committed 640K, reserved 1048576K
Event: 3.548 GC heap after
Heap after GC invocations=3 (full 0):
 PSYoungGen      total 26624K, used 2034K [0x00000000eab00000, 0x00000000edf00000, 0x0000000100000000)
  eden space 24576K, 0% used [0x00000000eab00000,0x00000000eab00000,0x00000000ec300000)
  from space 2048K, 99% used [0x00000000ec300000,0x00000000ec4fcb88,0x00000000ec500000)
  to   space 2048K, 0% used [0x00000000edd00000,0x00000000edd00000,0x00000000edf00000)
 ParOldGen       total 32768K, used 11259K [0x00000000c0000000, 0x00000000c2000000, 0x00000000eab00000)
  object space 32768K, 34% used [0x00000000c0000000,0x00000000c0afee10,0x00000000c2000000)
 Metaspace       used 5299K, capacity 6768K, committed 7040K, reserved 1056768K
  class space    used 517K, capacity 616K, committed 640K, reserved 1048576K
}
Event: 4.160 GC heap before
{Heap before GC invocations=4 (full 0):
 PSYoungGen      total 26624K, used 26610K [0x00000000eab00000, 0x00000000edf00000, 0x0000000100000000)
  eden space 24576K, 100% used [0x00000000eab00000,0x00000000ec300000,0x00000000ec300000)
  from space 2048K, 99% used [0x00000000ec300000,0x00000000ec4fcb88,0x00000000ec500000)
  to   space 2048K, 0% used [0x00000000edd00000,0x00000000edd00000,0x00000000edf00000)
 ParOldGen       total 32768K, used 11259K [0x00000000c0000000, 0x00000000c2000000, 0x00000000eab00000)
  object space 32768K, 34% used [0x00000000c0000000,0x00000000c0afee10,0x00000000c2000000)
 Metaspace       used 5401K, capacity 6896K, committed 7040K, reserved 1056768K
  class space    used 517K, capacity 616K, committed 640K, reserved 1048576K
Event: 4.239 GC heap after
Heap after GC invocations=4 (full 0):
 PSYoungGen      total 51200K, used 2017K [0x00000000eab00000, 0x00000000edf00000, 0x0000000100000000)
  eden space 49152K, 0% used [0x00000000eab00000,0x00000000eab00000,0x00000000edb00000)
  from space 2048K, 98% used [0x00000000edd00000,0x00000000edef8568,0x00000000edf00000)
  to   space 2048K, 0% used [0x00000000edb00000,0x00000000edb00000,0x00000000edd00000)
 ParOldGen       total 32768K, used 16814K [0x00000000c0000000, 0x00000000c2000000, 0x00000000eab00000)
  object space 32768K, 51% used [0x00000000c0000000,0x00000000c106ba78,0x00000000c2000000)
 Metaspace       used 5401K, capacity 6896K, committed 7040K, reserved 1056768K
  class space    used 517K, capacity 616K, committed 640K, reserved 1048576K
}
Event: 5.160 GC heap before
{Heap before GC invocations=5 (full 0):
 PSYoungGen      total 51200K, used 51169K [0x00000000eab00000, 0x00000000edf00000, 0x0000000100000000)
  eden space 49152K, 100% used [0x00000000eab00000,0x00000000edb00000,0x00000000edb00000)
  from space 2048K, 98% used [0x00000000edd00000,0x00000000edef8568,0x00000000edf00000)
  to   space 2048K, 0% used [0x00000000edb00000,0x00000000edb00000,0x00000000edd00000)
 ParOldGen       total 32768K, used 16814K [0x00000000c0000000, 0x00000000c2000000, 0x00000000eab00000)
  object space 32768K, 51% used [0x00000000c0000000,0x00000000c106ba78,0x00000000c2000000)
 Metaspace       used 5449K, capacity 6896K, committed 7040K, reserved 1056768K
  class space    used 517K, capacity 616K, committed 640K, reserved 1048576K

Deoptimization events (10 events):
Event: 2.895 Thread 0x00007f58ec00a000 Uncommon trap: reason=class_check action=maybe_recompile pc=0x00007f58dd27b554 method=com.android.dx.ssa.NormalSsaInsn.accept(Lcom/android/dx/ssa/SsaInsn$Visitor;)V @ 9
Event: 2.936 Thread 0x00007f58ec00a000 Uncommon trap: reason=class_check action=maybe_recompile pc=0x00007f58dd34fe60 method=com.android.dx.rop.type.Type.equals(Ljava/lang/Object;)Z @ 8
Event: 2.936 Thread 0x00007f58ec00a000 Uncommon trap: reason=class_check action=maybe_recompile pc=0x00007f58dd34fe60 method=com.android.dx.rop.type.Type.equals(Ljava/lang/Object;)Z @ 8
Event: 2.936 Thread 0x00007f58ec00a000 Uncommon trap: reason=class_check action=maybe_recompile pc=0x00007f58dd34fe60 method=com.android.dx.rop.type.Type.equals(Ljava/lang/Object;)Z @ 8
Event: 2.936 Thread 0x00007f58ec00a000 Uncommon trap: reason=class_check action=maybe_recompile pc=0x00007f58dd34fe60 method=com.android.dx.rop.type.Type.equals(Ljava/lang/Object;)Z @ 8
Event: 2.949 Thread 0x00007f58ec00a000 Uncommon trap: reason=unstable_if action=reinterpret pc=0x00007f58dd3471a0 method=com.android.dx.cf.code.Ropper.labelToResultIndex(I)I @ 34
Event: 2.962 Thread 0x00007f58ec00a000 Uncommon trap: reason=unstable_if action=reinterpret pc=0x00007f58dd302c20 method=com.android.dx.ssa.SsaRenamer$BlockRenamer.addMapping(ILcom/android/dx/rop/code/RegisterSpec;)V @ 120
Event: 3.026 Thread 0x00007f58ec00a000 Uncommon trap: reason=null_check action=make_not_entrant pc=0x00007f58dd3f9160 method=com.android.dx.ssa.SsaRenamer.getLocalForNewReg(I)Lcom/android/dx/rop/code/LocalItem; @ 19
Event: 3.960 Thread 0x00007f58ec00a000 Uncommon trap: reason=uninitialized action=reinterpret pc=0x00007f58dd434e38 method=com.android.dx.cf.code.BytecodeArray.parseInstruction(ILcom/android/dx/cf/code/BytecodeArray$Visitor;)I @ 1079
Event: 4.548 Thread 0x00007f58ec00a000 Uncommon trap: reason=unstable_if action=reinterpret pc=0x00007f58dd3d2d5c method=com.android.dx.rop.cst.Constant.compareTo(Lcom/android/dx/rop/cst/Constant;)I @ 12

Internal exceptions (4 events):
Event: 0.450 Thread 0x00007f58ec00a000 Exception <a 'java/lang/NoSuchMethodError': Method sun.misc.Unsafe.defineClass(Ljava/lang/String;[BII)Ljava/lang/Class; name or signature does not match> (0x00000000eab07cc0) thrown at [/ssd/Android/AOSP-openjdk/external/jetbrains/jdk/hotspot/src/share/vm
Event: 0.450 Thread 0x00007f58ec00a000 Exception <a 'java/lang/NoSuchMethodError': Method sun.misc.Unsafe.prefetchRead(Ljava/lang/Object;J)V name or signature does not match> (0x00000000eab07fa8) thrown at [/ssd/Android/AOSP-openjdk/external/jetbrains/jdk/hotspot/src/share/vm/prims/jni.cpp, li
Event: 2.589 Thread 0x00007f58ec00a000 Implicit null exception at 0x00007f58dd2f9e22 to 0x00007f58dd2f9ed5
Event: 3.026 Thread 0x00007f58ec00a000 Implicit null exception at 0x00007f58dd3f87c4 to 0x00007f58dd3f9145

Events (10 events):
Event: 5.011 Thread 0x00007f58ec00a000 DEOPT UNPACKING pc=0x00007f58dd046f73 sp=0x00007f58f4b44800 mode 0
Event: 5.022 Thread 0x00007f58ec00a000 DEOPT PACKING pc=0x00007f58dd4ffe0b sp=0x00007f58f4b44b10
Event: 5.022 Thread 0x00007f58ec00a000 DEOPT UNPACKING pc=0x00007f58dd046f73 sp=0x00007f58f4b448e8 mode 0
Event: 5.054 Thread 0x00007f58ec00a000 DEOPT PACKING pc=0x00007f58dd4c2191 sp=0x00007f58f4b44c20
Event: 5.054 Thread 0x00007f58ec00a000 DEOPT UNPACKING pc=0x00007f58dd046f73 sp=0x00007f58f4b449a0 mode 0
Event: 5.089 Thread 0x00007f58ec00a000 DEOPT PACKING pc=0x00007f58dd505c37 sp=0x00007f58f4b44a30
Event: 5.089 Thread 0x00007f58ec00a000 DEOPT UNPACKING pc=0x00007f58dd046f73 sp=0x00007f58f4b447d8 mode 0
Event: 5.153 Thread 0x00007f58ec00a000 DEOPT PACKING pc=0x00007f58dd34f219 sp=0x00007f58f4b44aa0
Event: 5.153 Thread 0x00007f58ec00a000 DEOPT UNPACKING pc=0x00007f58dd046f73 sp=0x00007f58f4b44830 mode 0
Event: 5.160 Executing VM operation: ParallelGCFailedAllocation


Dynamic libraries:
00400000-00401000 r-xp 00000000 08:18 1219134                            /opt/android-studio/jre/bin/java
00600000-00601000 r--p 00000000 08:18 1219134                            /opt/android-studio/jre/bin/java
00601000-00602000 rw-p 00001000 08:18 1219134                            /opt/android-studio/jre/bin/java
02129000-0214a000 rw-p 00000000 00:00 0                                  [heap]
c0000000-c2000000 rw-p 00000000 00:00 0 
c2000000-eab00000 ---p 00000000 00:00 0 
eab00000-edf00000 rw-p 00000000 00:00 0 
f2700000-100000000 ---p 00000000 00:00 0 
100000000-1000a0000 rw-p 00000000 00:00 0 
1000a0000-140000000 ---p 00000000 00:00 0 
7f58ac000000-7f58ac021000 rw-p 00000000 00:00 0 
7f58ac021000-7f58b0000000 ---p 00000000 00:00 0 
7f58b4000000-7f58b466c000 rw-p 00000000 00:00 0 
7f58b466c000-7f58b8000000 ---p 00000000 00:00 0 
7f58b8000000-7f58b8021000 rw-p 00000000 00:00 0 
7f58b8021000-7f58bc000000 ---p 00000000 00:00 0 
7f58bc000000-7f58bc021000 rw-p 00000000 00:00 0 
7f58bc021000-7f58c0000000 ---p 00000000 00:00 0 
7f58c0000000-7f58c081e000 rw-p 00000000 00:00 0 
7f58c081e000-7f58c4000000 ---p 00000000 00:00 0 
7f58c4000000-7f58c4021000 rw-p 00000000 00:00 0 
7f58c4021000-7f58c8000000 ---p 00000000 00:00 0 
7f58c8000000-7f58c8021000 rw-p 00000000 00:00 0 
7f58c8021000-7f58cc000000 ---p 00000000 00:00 0 
7f58cc000000-7f58cc27d000 rw-p 00000000 00:00 0 
7f58cc27d000-7f58d0000000 ---p 00000000 00:00 0 
7f58d0000000-7f58d0021000 rw-p 00000000 00:00 0 
7f58d0021000-7f58d4000000 ---p 00000000 00:00 0 
7f58d6000000-7f58d8000000 rw-p 00000000 00:00 0 
7f58d8000000-7f58d8021000 rw-p 00000000 00:00 0 
7f58d8021000-7f58dc000000 ---p 00000000 00:00 0 
7f58dc12f000-7f58dc130000 ---p 00000000 00:00 0 
7f58dc130000-7f58dc230000 rw-p 00000000 00:00 0 
7f58dc230000-7f58dc233000 ---p 00000000 00:00 0 
7f58dc233000-7f58dc331000 rw-p 00000000 00:00 0 
7f58dc331000-7f58dc334000 ---p 00000000 00:00 0 
7f58dc334000-7f58dc432000 rw-p 00000000 00:00 0 
7f58dc432000-7f58dc435000 ---p 00000000 00:00 0 
7f58dc435000-7f58dc533000 rw-p 00000000 00:00 0 
7f58dc533000-7f58dc536000 ---p 00000000 00:00 0 
7f58dc536000-7f58dc634000 rw-p 00000000 00:00 0 
7f58dc634000-7f58dc9fa000 r--p 00000000 08:18 134078                     /usr/lib/locale/locale-archive
7f58dc9fa000-7f58dc9fd000 ---p 00000000 00:00 0 
7f58dc9fd000-7f58dcafb000 rw-p 00000000 00:00 0 
7f58dcafb000-7f58dcafe000 ---p 00000000 00:00 0 
7f58dcafe000-7f58dcbfc000 rw-p 00000000 00:00 0 
7f58dcbfc000-7f58dcbfd000 ---p 00000000 00:00 0 
7f58dcbfd000-7f58dd000000 rw-p 00000000 00:00 0 
7f58dd000000-7f58dd570000 rwxp 00000000 00:00 0 
7f58dd570000-7f58ec000000 ---p 00000000 00:00 0 
7f58ec000000-7f58ec37b000 rw-p 00000000 00:00 0 
7f58ec37b000-7f58f0000000 ---p 00000000 00:00 0 
7f58f00da000-7f58f00e8000 r--s 000dc000 08:16 4064367                    /home/ubuntu1604/Android/Sdk/build-tools/21.1.0/lib/dx.jar
7f58f00e8000-7f58f0751000 rw-p 00000000 00:00 0 
7f58f0751000-7f58f091e000 r--s 03bec000 08:18 219                        /opt/android-studio/jre/jre/lib/rt.jar
7f58f091e000-7f58f0fd4000 rw-p 00000000 00:00 0 
7f58f0fd4000-7f58f1194000 ---p 00000000 00:00 0 
7f58f1194000-7f58f1394000 rw-p 00000000 00:00 0 
7f58f1394000-7f58f1395000 ---p 00000000 00:00 0 
7f58f1395000-7f58f1495000 rw-p 00000000 00:00 0 
7f58f1495000-7f58f1496000 ---p 00000000 00:00 0 
7f58f1496000-7f58f15a6000 rw-p 00000000 00:00 0 
7f58f15a6000-7f58f16ec000 ---p 00000000 00:00 0 
7f58f16ec000-7f58f16fc000 rw-p 00000000 00:00 0 
7f58f16fc000-7f58f1841000 ---p 00000000 00:00 0 
7f58f1841000-7f58f185c000 rw-p 00000000 00:00 0 
7f58f185c000-7f58f18ec000 ---p 00000000 00:00 0 
7f58f18ec000-7f58f1903000 rw-p 00000000 00:00 0 
7f58f1903000-7f58f1cad000 ---p 00000000 00:00 0 
7f58f1cad000-7f58f1cc7000 r-xp 00000000 08:18 246                        /opt/android-studio/jre/jre/lib/amd64/libzip.so
7f58f1cc7000-7f58f1ec7000 ---p 0001a000 08:18 246                        /opt/android-studio/jre/jre/lib/amd64/libzip.so
7f58f1ec7000-7f58f1ec8000 r--p 0001a000 08:18 246                        /opt/android-studio/jre/jre/lib/amd64/libzip.so
7f58f1ec8000-7f58f1ec9000 rw-p 0001b000 08:18 246                        /opt/android-studio/jre/jre/lib/amd64/libzip.so
7f58f1ec9000-7f58f1ed4000 r-xp 00000000 08:18 661474                     /lib/x86_64-linux-gnu/libnss_files-2.23.so
7f58f1ed4000-7f58f20d3000 ---p 0000b000 08:18 661474                     /lib/x86_64-linux-gnu/libnss_files-2.23.so
7f58f20d3000-7f58f20d4000 r--p 0000a000 08:18 661474                     /lib/x86_64-linux-gnu/libnss_files-2.23.so
7f58f20d4000-7f58f20d5000 rw-p 0000b000 08:18 661474                     /lib/x86_64-linux-gnu/libnss_files-2.23.so
7f58f20d5000-7f58f20db000 rw-p 00000000 00:00 0 
7f58f20db000-7f58f20e6000 r-xp 00000000 08:18 655819                     /lib/x86_64-linux-gnu/libnss_nis-2.23.so
7f58f20e6000-7f58f22e5000 ---p 0000b000 08:18 655819                     /lib/x86_64-linux-gnu/libnss_nis-2.23.so
7f58f22e5000-7f58f22e6000 r--p 0000a000 08:18 655819                     /lib/x86_64-linux-gnu/libnss_nis-2.23.so
7f58f22e6000-7f58f22e7000 rw-p 0000b000 08:18 655819                     /lib/x86_64-linux-gnu/libnss_nis-2.23.so
7f58f22e7000-7f58f22fd000 r-xp 00000000 08:18 659741                     /lib/x86_64-linux-gnu/libnsl-2.23.so
7f58f22fd000-7f58f24fc000 ---p 00016000 08:18 659741                     /lib/x86_64-linux-gnu/libnsl-2.23.so
7f58f24fc000-7f58f24fd000 r--p 00015000 08:18 659741                     /lib/x86_64-linux-gnu/libnsl-2.23.so
7f58f24fd000-7f58f24fe000 rw-p 00016000 08:18 659741                     /lib/x86_64-linux-gnu/libnsl-2.23.so
7f58f24fe000-7f58f2500000 rw-p 00000000 00:00 0 
7f58f2500000-7f58f2508000 r-xp 00000000 08:18 661724                     /lib/x86_64-linux-gnu/libnss_compat-2.23.so
7f58f2508000-7f58f2707000 ---p 00008000 08:18 661724                     /lib/x86_64-linux-gnu/libnss_compat-2.23.so
7f58f2707000-7f58f2708000 r--p 00007000 08:18 661724                     /lib/x86_64-linux-gnu/libnss_compat-2.23.so
7f58f2708000-7f58f2709000 rw-p 00008000 08:18 661724                     /lib/x86_64-linux-gnu/libnss_compat-2.23.so
7f58f2709000-7f58f2736000 r-xp 00000000 08:18 256                        /opt/android-studio/jre/jre/lib/amd64/libjava.so
7f58f2736000-7f58f2935000 ---p 0002d000 08:18 256                        /opt/android-studio/jre/jre/lib/amd64/libjava.so
7f58f2935000-7f58f2936000 r--p 0002c000 08:18 256                        /opt/android-studio/jre/jre/lib/amd64/libjava.so
7f58f2936000-7f58f2938000 rw-p 0002d000 08:18 256                        /opt/android-studio/jre/jre/lib/amd64/libjava.so
7f58f2938000-7f58f2948000 r-xp 00000000 08:18 272                        /opt/android-studio/jre/jre/lib/amd64/libverify.so
7f58f2948000-7f58f2b47000 ---p 00010000 08:18 272                        /opt/android-studio/jre/jre/lib/amd64/libverify.so
7f58f2b47000-7f58f2b49000 r--p 0000f000 08:18 272                        /opt/android-studio/jre/jre/lib/amd64/libverify.so
7f58f2b49000-7f58f2b4a000 rw-p 00011000 08:18 272                        /opt/android-studio/jre/jre/lib/amd64/libverify.so
7f58f2b4a000-7f58f2b51000 r-xp 00000000 08:18 661800                     /lib/x86_64-linux-gnu/librt-2.23.so
7f58f2b51000-7f58f2d50000 ---p 00007000 08:18 661800                     /lib/x86_64-linux-gnu/librt-2.23.so
7f58f2d50000-7f58f2d51000 r--p 00006000 08:18 661800                     /lib/x86_64-linux-gnu/librt-2.23.so
7f58f2d51000-7f58f2d52000 rw-p 00007000 08:18 661800                     /lib/x86_64-linux-gnu/librt-2.23.so
7f58f2d52000-7f58f2e5a000 r-xp 00000000 08:18 659610                     /lib/x86_64-linux-gnu/libm-2.23.so
7f58f2e5a000-7f58f3059000 ---p 00108000 08:18 659610                     /lib/x86_64-linux-gnu/libm-2.23.so
7f58f3059000-7f58f305a000 r--p 00107000 08:18 659610                     /lib/x86_64-linux-gnu/libm-2.23.so
7f58f305a000-7f58f305b000 rw-p 00108000 08:18 659610                     /lib/x86_64-linux-gnu/libm-2.23.so
7f58f305b000-7f58f3c41000 r-xp 00000000 08:18 276                        /opt/android-studio/jre/jre/lib/amd64/server/libjvm.so
7f58f3c41000-7f58f3e41000 ---p 00be6000 08:18 276                        /opt/android-studio/jre/jre/lib/amd64/server/libjvm.so
7f58f3e41000-7f58f3ee0000 r--p 00be6000 08:18 276                        /opt/android-studio/jre/jre/lib/amd64/server/libjvm.so
7f58f3ee0000-7f58f3f09000 rw-p 00c85000 08:18 276                        /opt/android-studio/jre/jre/lib/amd64/server/libjvm.so
7f58f3f09000-7f58f3f4b000 rw-p 00000000 00:00 0 
7f58f3f4b000-7f58f3f63000 r-xp 00000000 08:18 662597                     /lib/x86_64-linux-gnu/libpthread-2.23.so
7f58f3f63000-7f58f4162000 ---p 00018000 08:18 662597                     /lib/x86_64-linux-gnu/libpthread-2.23.so
7f58f4162000-7f58f4163000 r--p 00017000 08:18 662597                     /lib/x86_64-linux-gnu/libpthread-2.23.so
7f58f4163000-7f58f4164000 rw-p 00018000 08:18 662597                     /lib/x86_64-linux-gnu/libpthread-2.23.so
7f58f4164000-7f58f4168000 rw-p 00000000 00:00 0 
7f58f4168000-7f58f416b000 r-xp 00000000 08:18 655797                     /lib/x86_64-linux-gnu/libdl-2.23.so
7f58f416b000-7f58f436a000 ---p 00003000 08:18 655797                     /lib/x86_64-linux-gnu/libdl-2.23.so
7f58f436a000-7f58f436b000 r--p 00002000 08:18 655797                     /lib/x86_64-linux-gnu/libdl-2.23.so
7f58f436b000-7f58f436c000 rw-p 00003000 08:18 655797                     /lib/x86_64-linux-gnu/libdl-2.23.so
7f58f436c000-7f58f452b000 r-xp 00000000 08:18 659754                     /lib/x86_64-linux-gnu/libc-2.23.so
7f58f452b000-7f58f472b000 ---p 001bf000 08:18 659754                     /lib/x86_64-linux-gnu/libc-2.23.so
7f58f472b000-7f58f472f000 r--p 001bf000 08:18 659754                     /lib/x86_64-linux-gnu/libc-2.23.so
7f58f472f000-7f58f4731000 rw-p 001c3000 08:18 659754                     /lib/x86_64-linux-gnu/libc-2.23.so
7f58f4731000-7f58f4735000 rw-p 00000000 00:00 0 
7f58f4735000-7f58f474b000 r-xp 00000000 08:18 1202604                    /opt/android-studio/jre/lib/amd64/jli/libjli.so
7f58f474b000-7f58f494a000 ---p 00016000 08:18 1202604                    /opt/android-studio/jre/lib/amd64/jli/libjli.so
7f58f494a000-7f58f494b000 r--p 00015000 08:18 1202604                    /opt/android-studio/jre/lib/amd64/jli/libjli.so
7f58f494b000-7f58f494c000 rw-p 00016000 08:18 1202604                    /opt/android-studio/jre/lib/amd64/jli/libjli.so
7f58f494c000-7f58f4972000 r-xp 00000000 08:18 660533                     /lib/x86_64-linux-gnu/ld-2.23.so
7f58f4976000-7f58f4a46000 rw-p 00000000 00:00 0 
7f58f4a46000-7f58f4a49000 ---p 00000000 00:00 0 
7f58f4a49000-7f58f4b4b000 rw-p 00000000 00:00 0 
7f58f4b51000-7f58f4b65000 rw-p 00000000 00:00 0 
7f58f4b65000-7f58f4b6d000 rw-s 00000000 08:18 967459                     /tmp/hsperfdata_ubuntu1604/10389
7f58f4b6d000-7f58f4b6e000 rw-p 00000000 00:00 0 
7f58f4b6e000-7f58f4b6f000 ---p 00000000 00:00 0 
7f58f4b6f000-7f58f4b71000 rw-p 00000000 00:00 0 
7f58f4b71000-7f58f4b72000 r--p 00025000 08:18 660533                     /lib/x86_64-linux-gnu/ld-2.23.so
7f58f4b72000-7f58f4b73000 rw-p 00026000 08:18 660533                     /lib/x86_64-linux-gnu/ld-2.23.so
7f58f4b73000-7f58f4b74000 rw-p 00000000 00:00 0 
7fff0b00b000-7fff0b02c000 rw-p 00000000 00:00 0                          [stack]
7fff0b0ec000-7fff0b0ee000 r--p 00000000 00:00 0                          [vvar]
7fff0b0ee000-7fff0b0f0000 r-xp 00000000 00:00 0                          [vdso]
ffffffffff600000-ffffffffff601000 r-xp 00000000 00:00 0                  [vsyscall]

VM Arguments:
jvm_args: -Djava.awt.headless=true -Xmx1024M -Dfile.encoding=UTF-8 -Duser.country=IN -Duser.language=en -Duser.variant 
java_command: com.android.dx.command.Main --dex --force-jumbo --multi-dex --output /home/ubuntu1604/MyValet/app/build/intermediates/transforms/dex/debug/folders/1000/5/slice_7 /home/ubuntu1604/MyValet/app/build/intermediates/transforms/instantRunSlicer/debug/folders/1/5/slice_7
java_class_path (initial): /home/ubuntu1604/Android/Sdk/build-tools/21.1.0/lib/dx.jar
Launcher Type: SUN_STANDARD

Environment Variables:
JAVA_HOME=/usr/lib/jvm/java-8-oracle
PATH=/usr/local/sbin:/usr/local/bin:/usr/sbin:/usr/bin:/sbin:/bin:/usr/games:/usr/local/games:/snap/bin:/usr/lib/jvm/java-8-oracle/bin:/usr/lib/jvm/java-8-oracle/db/bin:/usr/lib/jvm/java-8-oracle/jre/bin
LD_LIBRARY_PATH=/opt/android-studio/bin:
SHELL=/bin/bash
DISPLAY=:0

Signal Handlers:
SIGSEGV: [libjvm.so+0x9daac0], sa_mask[0]=11111111011111111101111111111110, sa_flags=SA_RESTART|SA_SIGINFO
SIGBUS: [libjvm.so+0x9daac0], sa_mask[0]=11111111011111111101111111111110, sa_flags=SA_RESTART|SA_SIGINFO
SIGFPE: [libjvm.so+0x840d90], sa_mask[0]=11111111011111111101111111111110, sa_flags=SA_RESTART|SA_SIGINFO
SIGPIPE: [libjvm.so+0x840d90], sa_mask[0]=11111111011111111101111111111110, sa_flags=SA_RESTART|SA_SIGINFO
SIGXFSZ: [libjvm.so+0x840d90], sa_mask[0]=11111111011111111101111111111110, sa_flags=SA_RESTART|SA_SIGINFO
SIGILL: [libjvm.so+0x840d90], sa_mask[0]=11111111011111111101111111111110, sa_flags=SA_RESTART|SA_SIGINFO
SIGUSR1: SIG_DFL, sa_mask[0]=00000000000000000000000000000000, sa_flags=none
SIGUSR2: [libjvm.so+0x840c60], sa_mask[0]=00100000000000000000000000000000, sa_flags=SA_RESTART|SA_SIGINFO
SIGHUP: [libjvm.so+0x840e50], sa_mask[0]=11111111011111111101111111111110, sa_flags=SA_RESTART|SA_SIGINFO
SIGINT: [libjvm.so+0x840e50], sa_mask[0]=11111111011111111101111111111110, sa_flags=SA_RESTART|SA_SIGINFO
SIGTERM: [libjvm.so+0x840e50], sa_mask[0]=11111111011111111101111111111110, sa_flags=SA_RESTART|SA_SIGINFO
SIGQUIT: [libjvm.so+0x840e50], sa_mask[0]=11111111011111111101111111111110, sa_flags=SA_RESTART|SA_SIGINFO


---------------  S Y S T E M  ---------------

OS:DISTRIB_ID=Ubuntu
DISTRIB_RELEASE=16.04
DISTRIB_CODENAME=xenial
DISTRIB_DESCRIPTION="Ubuntu 16.04.2 LTS"

uname:Linux 4.4.0-70-generic #91-Ubuntu SMP Wed Mar 22 12:47:43 UTC 2017 x86_64
libc:glibc 2.23 NPTL 2.23 
rlimit: STACK 8192k, CORE 0k, NPROC 11842, NOFILE 65536, AS infinity
load average:1.63 1.01 0.77

/proc/meminfo:
MemTotal:        3072224 kB
MemFree:           74992 kB
MemAvailable:      36012 kB
Buffers:            2476 kB
Cached:           393636 kB
SwapCached:            0 kB
Active:          2518168 kB
Inactive:         354216 kB
Active(anon):    2490896 kB
Inactive(anon):   331664 kB
Active(file):      27272 kB
Inactive(file):    22552 kB
Unevictable:          48 kB
Mlocked:              48 kB
SwapTotal:             0 kB
SwapFree:              0 kB
Dirty:               988 kB
Writeback:             0 kB
AnonPages:       2476312 kB
Mapped:            62764 kB
Shmem:            346404 kB
Slab:              57476 kB
SReclaimable:      30924 kB
SUnreclaim:        26552 kB
KernelStack:        8432 kB
PageTables:        33320 kB
NFS_Unstable:          0 kB
Bounce:                0 kB
WritebackTmp:          0 kB
CommitLimit:     1536112 kB
Committed_AS:    6135924 kB
VmallocTotal:   34359738367 kB
VmallocUsed:           0 kB
VmallocChunk:          0 kB
HardwareCorrupted:     0 kB
AnonHugePages:   1110016 kB
CmaTotal:              0 kB
CmaFree:               0 kB
HugePages_Total:       0
HugePages_Free:        0
HugePages_Rsvd:        0
HugePages_Surp:        0
Hugepagesize:       2048 kB
DirectMap4k:      126912 kB
DirectMap2M:     3010560 kB


CPU:total 2 (2 cores per cpu, 1 threads per core) family 6 model 15 stepping 13, cmov, cx8, fxsr, mmx, sse, sse2, sse3, ssse3, tsc

/proc/cpuinfo:
processor	: 0
vendor_id	: GenuineIntel
cpu family	: 6
model		: 15
model name	: Intel(R) Pentium(R) Dual  CPU  E2200  @ 2.20GHz
stepping	: 13
microcode	: 0xa1
cpu MHz		: 2200.000
cache size	: 1024 KB
physical id	: 0
siblings	: 2
core id		: 0
cpu cores	: 2
apicid		: 0
initial apicid	: 0
fpu		: yes
fpu_exception	: yes
cpuid level	: 10
wp		: yes
flags		: fpu vme de pse tsc msr pae mce cx8 apic sep mtrr pge mca cmov pat pse36 clflush dts acpi mmx fxsr sse sse2 ss ht tm pbe syscall nx lm constant_tsc arch_perfmon pebs bts rep_good nopl aperfmperf pni dtes64 monitor ds_cpl est tm2 ssse3 cx16 xtpr pdcm lahf_lm dtherm
bugs		:
bogomips	: 4399.91
clflush size	: 64
cache_alignment	: 64
address sizes	: 36 bits physical, 48 bits virtual
power management:

processor	: 1
vendor_id	: GenuineIntel
cpu family	: 6
model		: 15
model name	: Intel(R) Pentium(R) Dual  CPU  E2200  @ 2.20GHz
stepping	: 13
microcode	: 0xa1
cpu MHz		: 1600.000
cache size	: 1024 KB
physical id	: 0
siblings	: 2
core id		: 1
cpu cores	: 2
apicid		: 1
initial apicid	: 1
fpu		: yes
fpu_exception	: yes
cpuid level	: 10
wp		: yes
flags		: fpu vme de pse tsc msr pae mce cx8 apic sep mtrr pge mca cmov pat pse36 clflush dts acpi mmx fxsr sse sse2 ss ht tm pbe syscall nx lm constant_tsc arch_perfmon pebs bts rep_good nopl aperfmperf pni dtes64 monitor ds_cpl est tm2 ssse3 cx16 xtpr pdcm lahf_lm dtherm
bugs		:
bogomips	: 4399.91
clflush size	: 64
cache_alignment	: 64
address sizes	: 36 bits physical, 48 bits virtual
power management:



Memory: 4k page, physical 3072224k(74992k free), swap 0k(0k free)

vm_info: OpenJDK 64-Bit Server VM (25.76-b03) for linux-amd64 JRE (1.8.0_76-release-b03), built on Jun 29 2016 09:39:19 by "builder" with gcc 4.8.4

time: Fri Jun  2 23:46:03 2017
elapsed time: 5 seconds (0d 0h 0m 5s)

