#
# There is insufficient memory for the Java Runtime Environment to continue.
# Native memory allocation (mmap) failed to map 53477376 bytes for committing reserved memory.
# Possible reasons:
#   The system is out of physical RAM or swap space
#   In 32 bit mode, the process size limit was hit
# Possible solutions:
#   Reduce memory load on the system
#   Increase physical memory or swap space
#   Check if swap backing store is full
#   Use 64 bit Java on a 64 bit OS
#   Decrease Java heap size (-Xmx/-Xms)
#   Decrease number of Java threads
#   Decrease Java thread stack sizes (-Xss)
#   Set larger code cache with -XX:ReservedCodeCacheSize=
# This output file may be truncated or incomplete.
#
#  Out of Memory Error (os_linux.cpp:2627), pid=10562, tid=0x00007fd0ea2fa700
#
# JRE version: OpenJDK Runtime Environment (8.0_76-b03) (build 1.8.0_76-release-b03)
# Java VM: OpenJDK 64-Bit Server VM (25.76-b03 mixed mode linux-amd64 compressed oops)
# Failed to write core dump. Core dumps have been disabled. To enable core dumping, try "ulimit -c unlimited" before starting Java again
#

---------------  T H R E A D  ---------------

Current thread (0x00007fd0fc073000):  VMThread [stack: 0x00007fd0ea1fa000,0x00007fd0ea2fb000] [id=10569]

Stack: [0x00007fd0ea1fa000,0x00007fd0ea2fb000],  sp=0x00007fd0ea2f94c0,  free space=1021k
Native frames: (J=compiled Java code, j=interpreted, Vv=VM code, C=native code)
V  [libjvm.so+0x9d9fcd]  VMError::report_and_die()+0x15d
V  [libjvm.so+0x4b4d4a]  report_vm_out_of_memory(char const*, int, unsigned long, VMErrorType, char const*)+0x8a
V  [libjvm.so+0x845190]  os::pd_commit_memory(char*, unsigned long, unsigned long, bool)+0xf0
V  [libjvm.so+0x83fcbf]  os::commit_memory(char*, unsigned long, unsigned long, bool)+0x1f
V  [libjvm.so+0x8b4d9b]  PSVirtualSpace::expand_by(unsigned long)+0x5b
V  [libjvm.so+0x8b5a10]  PSYoungGen::resize_generation(unsigned long, unsigned long)+0xb0
V  [libjvm.so+0x8b5d2b]  PSYoungGen::resize(unsigned long, unsigned long)+0x1b
V  [libjvm.so+0x8b241c]  PSScavenge::invoke_no_policy()+0xdac
V  [libjvm.so+0x8b2bf8]  PSScavenge::invoke()+0x38
V  [libjvm.so+0x8681f3]  ParallelScavengeHeap::failed_mem_allocate(unsigned long)+0x63
V  [libjvm.so+0x9dba94]  VM_ParallelGCFailedAllocation::doit()+0x84
V  [libjvm.so+0x9dfe47]  VM_Operation::evaluate()+0x47
V  [libjvm.so+0x9de908]  VMThread::evaluate_operation(VM_Operation*)+0x2c8
V  [libjvm.so+0x9ded89]  VMThread::loop()+0x219
V  [libjvm.so+0x9df1d2]  VMThread::run()+0x72
V  [libjvm.so+0x8425b2]  java_start(Thread*)+0xf2

VM_Operation (0x00007fd1040c8660): ParallelGCFailedAllocation, mode: safepoint, requested by thread 0x00007fd0fc00a000


---------------  P R O C E S S  ---------------

Java Threads: ( => current thread )
  0x00007fd0fc0b9000 JavaThread "Service Thread" daemon [_thread_blocked, id=10575, stack(0x00007fd0e982e000,0x00007fd0e992f000)]
  0x00007fd0fc0b6800 JavaThread "C1 CompilerThread1" daemon [_thread_blocked, id=10574, stack(0x00007fd0e992f000,0x00007fd0e9a30000)]
  0x00007fd0fc0b3800 JavaThread "C2 CompilerThread0" daemon [_thread_blocked, id=10573, stack(0x00007fd0e9a30000,0x00007fd0e9b31000)]
  0x00007fd0fc0b2000 JavaThread "Signal Dispatcher" daemon [_thread_blocked, id=10572, stack(0x00007fd0e9b31000,0x00007fd0e9c32000)]
  0x00007fd0fc07f800 JavaThread "Finalizer" daemon [_thread_blocked, id=10571, stack(0x00007fd0e9ff8000,0x00007fd0ea0f9000)]
  0x00007fd0fc07b000 JavaThread "Reference Handler" daemon [_thread_blocked, id=10570, stack(0x00007fd0ea0f9000,0x00007fd0ea1fa000)]
  0x00007fd0fc00a000 JavaThread "main" [_thread_blocked, id=10566, stack(0x00007fd103fca000,0x00007fd1040cb000)]

Other Threads:
=>0x00007fd0fc073000 VMThread [stack: 0x00007fd0ea1fa000,0x00007fd0ea2fb000] [id=10569]
  0x00007fd0fc0bb800 WatcherThread [stack: 0x00007fd0e972d000,0x00007fd0e982e000] [id=10576]

VM state:at safepoint (normal execution)

VM Mutex/Monitor currently owned by a thread:  ([mutex/lock_event])
[0x00007fd0fc0064a0] Threads_lock - owner thread: 0x00007fd0fc073000
[0x00007fd0fc0069a0] Heap_lock - owner thread: 0x00007fd0fc00a000

Heap:
 PSYoungGen      total 58368K, used 11254K [0x00000000eab00000, 0x00000000ef100000, 0x0000000100000000)
  eden space 47104K, 0% used [0x00000000eab00000,0x00000000eab00000,0x00000000ed900000)
  from space 11264K, 99% used [0x00000000ed900000,0x00000000ee3fdab8,0x00000000ee400000)
  to   space 9216K, 0% used [0x00000000ee400000,0x00000000ee400000,0x00000000eed00000)
 ParOldGen       total 32768K, used 20821K [0x00000000c0000000, 0x00000000c2000000, 0x00000000eab00000)
  object space 32768K, 63% used [0x00000000c0000000,0x00000000c14554b8,0x00000000c2000000)
 Metaspace       used 5489K, capacity 6960K, committed 7040K, reserved 1056768K
  class space    used 517K, capacity 616K, committed 640K, reserved 1048576K

Card table byte_map: [0x00007fd100c70000,0x00007fd100e71000] byte_map_base: 0x00007fd100670000

Marking Bits: (ParMarkBitMap*) 0x00007fd1034a21a0
 Begin Bits: [0x00007fd0eb000000, 0x00007fd0ec000000)
 End Bits:   [0x00007fd0ec000000, 0x00007fd0ed000000)

Polling page: 0x00007fd1040f2000

CodeCache: size=245760Kb used=6161Kb max_used=6197Kb free=239598Kb
 bounds [0x00007fd0ed000000, 0x00007fd0ed620000, 0x00007fd0fc000000]
 total_blobs=1714 nmethods=1459 adapters=171
 compilation: enabled

Compilation events (10 events):
Event: 605.546 Thread 0x00007fd0fc0b6800 1536       2       com.android.dx.rop.code.SwitchInsn::accept (8 bytes)
Event: 605.546 Thread 0x00007fd0fc0b6800 nmethod 1536 0x00007fd0ed5f22d0 code [0x00007fd0ed5f2440, 0x00007fd0ed5f25c8]
Event: 606.247 Thread 0x00007fd0fc0b3800 nmethod 1404 0x00007fd0ed5fc390 code [0x00007fd0ed5fcf00, 0x00007fd0ed605c00]
Event: 606.247 Thread 0x00007fd0fc0b3800 1528       4       com.android.dx.rop.code.InsnList::contentEquals (54 bytes)
Event: 607.211 Thread 0x00007fd0fc0b6800 1537       1       java.io.File::getPath (5 bytes)
Event: 607.211 Thread 0x00007fd0fc0b6800 nmethod 1537 0x00007fd0ed5fc0d0 code [0x00007fd0ed5fc220, 0x00007fd0ed5fc330]
Event: 607.346 Thread 0x00007fd0fc0b6800 1538       2       com.android.dx.cf.iface.StdMember::<init> (69 bytes)
Event: 607.346 Thread 0x00007fd0fc0b6800 nmethod 1538 0x00007fd0ed5fb9d0 code [0x00007fd0ed5fbb60, 0x00007fd0ed5fbee8]
Event: 607.348 Thread 0x00007fd0fc0b6800 1539       2       com.android.dx.cf.code.ConcreteMethod::getEffectiveDescriptor (10 bytes)
Event: 607.348 Thread 0x00007fd0fc0b6800 nmethod 1539 0x00007fd0ed5fb650 code [0x00007fd0ed5fb7c0, 0x00007fd0ed5fb948]

GC Heap History (10 events):
Event: 3.689 GC heap after
Heap after GC invocations=2 (full 0):
 PSYoungGen      total 14336K, used 2032K [0x00000000eab00000, 0x00000000ec700000, 0x0000000100000000)
  eden space 12288K, 0% used [0x00000000eab00000,0x00000000eab00000,0x00000000eb700000)
  from space 2048K, 99% used [0x00000000eb900000,0x00000000ebafc028,0x00000000ebb00000)
  to   space 2048K, 0% used [0x00000000eb700000,0x00000000eb700000,0x00000000eb900000)
 ParOldGen       total 32768K, used 2924K [0x00000000c0000000, 0x00000000c2000000, 0x00000000eab00000)
  object space 32768K, 8% used [0x00000000c0000000,0x00000000c02db3f0,0x00000000c2000000)
 Metaspace       used 5293K, capacity 6768K, committed 7040K, reserved 1056768K
  class space    used 514K, capacity 616K, committed 640K, reserved 1048576K
}
Event: 4.700 GC heap before
{Heap before GC invocations=3 (full 0):
 PSYoungGen      total 14336K, used 14320K [0x00000000eab00000, 0x00000000ec700000, 0x0000000100000000)
  eden space 12288K, 100% used [0x00000000eab00000,0x00000000eb700000,0x00000000eb700000)
  from space 2048K, 99% used [0x00000000eb900000,0x00000000ebafc028,0x00000000ebb00000)
  to   space 2048K, 0% used [0x00000000eb700000,0x00000000eb700000,0x00000000eb900000)
 ParOldGen       total 32768K, used 2924K [0x00000000c0000000, 0x00000000c2000000, 0x00000000eab00000)
  object space 32768K, 8% used [0x00000000c0000000,0x00000000c02db3f0,0x00000000c2000000)
 Metaspace       used 5313K, capacity 6768K, committed 7040K, reserved 1056768K
  class space    used 516K, capacity 616K, committed 640K, reserved 1048576K
Event: 4.796 GC heap after
Heap after GC invocations=3 (full 0):
 PSYoungGen      total 14336K, used 2034K [0x00000000eab00000, 0x00000000ec700000, 0x0000000100000000)
  eden space 12288K, 0% used [0x00000000eab00000,0x00000000eab00000,0x00000000eb700000)
  from space 2048K, 99% used [0x00000000eb700000,0x00000000eb8fcba0,0x00000000eb900000)
  to   space 2048K, 0% used [0x00000000ec500000,0x00000000ec500000,0x00000000ec700000)
 ParOldGen       total 32768K, used 6305K [0x00000000c0000000, 0x00000000c2000000, 0x00000000eab00000)
  object space 32768K, 19% used [0x00000000c0000000,0x00000000c06287a8,0x00000000c2000000)
 Metaspace       used 5313K, capacity 6768K, committed 7040K, reserved 1056768K
  class space    used 516K, capacity 616K, committed 640K, reserved 1048576K
}
Event: 600.925 GC heap before
{Heap before GC invocations=4 (full 0):
 PSYoungGen      total 14336K, used 14322K [0x00000000eab00000, 0x00000000ec700000, 0x0000000100000000)
  eden space 12288K, 100% used [0x00000000eab00000,0x00000000eb700000,0x00000000eb700000)
  from space 2048K, 99% used [0x00000000eb700000,0x00000000eb8fcba0,0x00000000eb900000)
  to   space 2048K, 0% used [0x00000000ec500000,0x00000000ec500000,0x00000000ec700000)
 ParOldGen       total 32768K, used 6305K [0x00000000c0000000, 0x00000000c2000000, 0x00000000eab00000)
  object space 32768K, 19% used [0x00000000c0000000,0x00000000c06287a8,0x00000000c2000000)
 Metaspace       used 5322K, capacity 6768K, committed 7040K, reserved 1056768K
  class space    used 517K, capacity 616K, committed 640K, reserved 1048576K
Event: 600.943 GC heap after
Heap after GC invocations=4 (full 0):
 PSYoungGen      total 26624K, used 2018K [0x00000000eab00000, 0x00000000ec700000, 0x0000000100000000)
  eden space 24576K, 0% used [0x00000000eab00000,0x00000000eab00000,0x00000000ec300000)
  from space 2048K, 98% used [0x00000000ec500000,0x00000000ec6f8bb0,0x00000000ec700000)
  to   space 2048K, 0% used [0x00000000ec300000,0x00000000ec300000,0x00000000ec500000)
 ParOldGen       total 32768K, used 11388K [0x00000000c0000000, 0x00000000c2000000, 0x00000000eab00000)
  object space 32768K, 34% used [0x00000000c0000000,0x00000000c0b1f300,0x00000000c2000000)
 Metaspace       used 5322K, capacity 6768K, committed 7040K, reserved 1056768K
  class space    used 517K, capacity 616K, committed 640K, reserved 1048576K
}
Event: 603.658 GC heap before
{Heap before GC invocations=5 (full 0):
 PSYoungGen      total 26624K, used 26594K [0x00000000eab00000, 0x00000000ec700000, 0x0000000100000000)
  eden space 24576K, 100% used [0x00000000eab00000,0x00000000ec300000,0x00000000ec300000)
  from space 2048K, 98% used [0x00000000ec500000,0x00000000ec6f8bb0,0x00000000ec700000)
  to   space 2048K, 0% used [0x00000000ec300000,0x00000000ec300000,0x00000000ec500000)
 ParOldGen       total 32768K, used 11388K [0x00000000c0000000, 0x00000000c2000000, 0x00000000eab00000)
  object space 32768K, 34% used [0x00000000c0000000,0x00000000c0b1f300,0x00000000c2000000)
 Metaspace       used 5419K, capacity 6896K, committed 7040K, reserved 1056768K
  class space    used 517K, capacity 616K, committed 640K, reserved 1048576K
Event: 603.687 GC heap after
Heap after GC invocations=5 (full 0):
 PSYoungGen      total 26624K, used 2036K [0x00000000eab00000, 0x00000000eed00000, 0x0000000100000000)
  eden space 24576K, 0% used [0x00000000eab00000,0x00000000eab00000,0x00000000ec300000)
  from space 2048K, 99% used [0x00000000ec300000,0x00000000ec4fd320,0x00000000ec500000)
  to   space 9216K, 0% used [0x00000000ee400000,0x00000000ee400000,0x00000000eed00000)
 ParOldGen       total 32768K, used 17037K [0x00000000c0000000, 0x00000000c2000000, 0x00000000eab00000)
  object space 32768K, 51% used [0x00000000c0000000,0x00000000c10a3798,0x00000000c2000000)
 Metaspace       used 5419K, capacity 6896K, committed 7040K, reserved 1056768K
  class space    used 517K, capacity 616K, committed 640K, reserved 1048576K
}
Event: 604.389 GC heap before
{Heap before GC invocations=6 (full 0):
 PSYoungGen      total 26624K, used 26612K [0x00000000eab00000, 0x00000000eed00000, 0x0000000100000000)
  eden space 24576K, 100% used [0x00000000eab00000,0x00000000ec300000,0x00000000ec300000)
  from space 2048K, 99% used [0x00000000ec300000,0x00000000ec4fd320,0x00000000ec500000)
  to   space 9216K, 0% used [0x00000000ee400000,0x00000000ee400000,0x00000000eed00000)
 ParOldGen       total 32768K, used 17037K [0x00000000c0000000, 0x00000000c2000000, 0x00000000eab00000)
  object space 32768K, 51% used [0x00000000c0000000,0x00000000c10a3798,0x00000000c2000000)
 Metaspace       used 5457K, capacity 6896K, committed 7040K, reserved 1056768K
  class space    used 517K, capacity 616K, committed 640K, reserved 1048576K
Event: 604.422 GC heap after
Heap after GC invocations=6 (full 0):
 PSYoungGen      total 56320K, used 9197K [0x00000000eab00000, 0x00000000ef100000, 0x0000000100000000)
  eden space 47104K, 0% used [0x00000000eab00000,0x00000000eab00000,0x00000000ed900000)
  from space 9216K, 99% used [0x00000000ee400000,0x00000000eecfb7a0,0x00000000eed00000)
  to   space 11264K, 0% used [0x00000000ed900000,0x00000000ed900000,0x00000000ee400000)
 ParOldGen       total 32768K, used 17941K [0x00000000c0000000, 0x00000000c2000000, 0x00000000eab00000)
  object space 32768K, 54% used [0x00000000c0000000,0x00000000c1185798,0x00000000c2000000)
 Metaspace       used 5457K, capacity 6896K, committed 7040K, reserved 1056768K
  class space    used 517K, capacity 616K, committed 640K, reserved 1048576K
}
Event: 607.349 GC heap before
{Heap before GC invocations=7 (full 0):
 PSYoungGen      total 56320K, used 56301K [0x00000000eab00000, 0x00000000ef100000, 0x0000000100000000)
  eden space 47104K, 100% used [0x00000000eab00000,0x00000000ed900000,0x00000000ed900000)
  from space 9216K, 99% used [0x00000000ee400000,0x00000000eecfb7a0,0x00000000eed00000)
  to   space 11264K, 0% used [0x00000000ed900000,0x00000000ed900000,0x00000000ee400000)
 ParOldGen       total 32768K, used 17941K [0x00000000c0000000, 0x00000000c2000000, 0x00000000eab00000)
  object space 32768K, 54% used [0x00000000c0000000,0x00000000c1185798,0x00000000c2000000)
 Metaspace       used 5489K, capacity 6960K, committed 7040K, reserved 1056768K
  class space    used 517K, capacity 616K, committed 640K, reserved 1048576K

Deoptimization events (10 events):
Event: 604.367 Thread 0x00007fd0fc00a000 Uncommon trap: reason=unstable_if action=reinterpret pc=0x00007fd0ed3f089c method=com.android.dx.rop.cst.Constant.compareTo(Lcom/android/dx/rop/cst/Constant;)I @ 12
Event: 605.197 Thread 0x00007fd0fc00a000 Uncommon trap: reason=class_check action=maybe_recompile pc=0x00007fd0ed4904a0 method=com.android.dx.ssa.SCCP.simulatePhi(Lcom/android/dx/ssa/PhiInsn;)V @ 124
Event: 605.294 Thread 0x00007fd0fc00a000 Uncommon trap: reason=class_check action=maybe_recompile pc=0x00007fd0ed490550 method=com.android.dx.ssa.SCCP.setLatticeValueTo(IILcom/android/dx/rop/cst/Constant;)Z @ 43
Event: 605.352 Thread 0x00007fd0fc00a000 Uncommon trap: reason=class_check action=maybe_recompile pc=0x00007fd0ed490550 method=com.android.dx.ssa.SCCP.setLatticeValueTo(IILcom/android/dx/rop/cst/Constant;)Z @ 43
Event: 605.355 Thread 0x00007fd0fc00a000 Uncommon trap: reason=class_check action=maybe_recompile pc=0x00007fd0ed490550 method=com.android.dx.ssa.SCCP.setLatticeValueTo(IILcom/android/dx/rop/cst/Constant;)Z @ 43
Event: 605.360 Thread 0x00007fd0fc00a000 Uncommon trap: reason=class_check action=maybe_recompile pc=0x00007fd0ed490550 method=com.android.dx.ssa.SCCP.setLatticeValueTo(IILcom/android/dx/rop/cst/Constant;)Z @ 43
Event: 605.526 Thread 0x00007fd0fc00a000 Uncommon trap: reason=bimorphic action=maybe_recompile pc=0x00007fd0ed56b11c method=com.android.dx.rop.code.InsnList.contentEquals(Lcom/android/dx/rop/code/InsnList;)Z @ 38
Event: 605.526 Thread 0x00007fd0fc00a000 Uncommon trap: reason=bimorphic action=maybe_recompile pc=0x00007fd0ed56b11c method=com.android.dx.rop.code.InsnList.contentEquals(Lcom/android/dx/rop/code/InsnList;)Z @ 38
Event: 605.527 Thread 0x00007fd0fc00a000 Uncommon trap: reason=bimorphic action=maybe_recompile pc=0x00007fd0ed56b11c method=com.android.dx.rop.code.InsnList.contentEquals(Lcom/android/dx/rop/code/InsnList;)Z @ 38
Event: 605.527 Thread 0x00007fd0fc00a000 Uncommon trap: reason=bimorphic action=maybe_recompile pc=0x00007fd0ed56b11c method=com.android.dx.rop.code.InsnList.contentEquals(Lcom/android/dx/rop/code/InsnList;)Z @ 38

Internal exceptions (4 events):
Event: 0.150 Thread 0x00007fd0fc00a000 Exception <a 'java/lang/NoSuchMethodError': Method sun.misc.Unsafe.defineClass(Ljava/lang/String;[BII)Ljava/lang/Class; name or signature does not match> (0x00000000eab07cc0) thrown at [/ssd/Android/AOSP-openjdk/external/jetbrains/jdk/hotspot/src/share/vm
Event: 0.150 Thread 0x00007fd0fc00a000 Exception <a 'java/lang/NoSuchMethodError': Method sun.misc.Unsafe.prefetchRead(Ljava/lang/Object;J)V name or signature does not match> (0x00000000eab07fa8) thrown at [/ssd/Android/AOSP-openjdk/external/jetbrains/jdk/hotspot/src/share/vm/prims/jni.cpp, li
Event: 2.926 Thread 0x00007fd0fc00a000 Implicit null exception at 0x00007fd0ed357722 to 0x00007fd0ed3577d5
Event: 4.120 Thread 0x00007fd0fc00a000 Implicit null exception at 0x00007fd0ed3f3552 to 0x00007fd0ed3f48e9

Events (10 events):
Event: 605.526 Thread 0x00007fd0fc00a000 DEOPT UNPACKING pc=0x00007fd0ed004f69 sp=0x00007fd1040c8a20 mode 2
Event: 605.527 Thread 0x00007fd0fc00a000 Uncommon trap: trap_request=0xffffffc6 fr.pc=0x00007fd0ed56b11c
Event: 605.527 Thread 0x00007fd0fc00a000 DEOPT PACKING pc=0x00007fd0ed56b11c sp=0x00007fd1040c8a60
Event: 605.527 Thread 0x00007fd0fc00a000 DEOPT UNPACKING pc=0x00007fd0ed004f69 sp=0x00007fd1040c8a20 mode 2
Event: 605.527 Thread 0x00007fd0fc00a000 Uncommon trap: trap_request=0xffffffc6 fr.pc=0x00007fd0ed56b11c
Event: 605.527 Thread 0x00007fd0fc00a000 DEOPT PACKING pc=0x00007fd0ed56b11c sp=0x00007fd1040c8a60
Event: 605.527 Thread 0x00007fd0fc00a000 DEOPT UNPACKING pc=0x00007fd0ed004f69 sp=0x00007fd1040c8a20 mode 2
Event: 605.543 Thread 0x00007fd0fc00a000 DEOPT PACKING pc=0x00007fd0ed3c9e99 sp=0x00007fd1040c8a20
Event: 605.543 Thread 0x00007fd0fc00a000 DEOPT UNPACKING pc=0x00007fd0ed046f73 sp=0x00007fd1040c87b0 mode 0
Event: 607.349 Executing VM operation: ParallelGCFailedAllocation


Dynamic libraries:
00400000-00401000 r-xp 00000000 08:18 1219134                            /opt/android-studio/jre/bin/java
00600000-00601000 r--p 00000000 08:18 1219134                            /opt/android-studio/jre/bin/java
00601000-00602000 rw-p 00001000 08:18 1219134                            /opt/android-studio/jre/bin/java
015ae000-015cf000 rw-p 00000000 00:00 0                                  [heap]
c0000000-c2000000 rw-p 00000000 00:00 0 
c2000000-eab00000 ---p 00000000 00:00 0 
eab00000-ef100000 rw-p 00000000 00:00 0 
f2400000-100000000 ---p 00000000 00:00 0 
100000000-1000a0000 rw-p 00000000 00:00 0 
1000a0000-140000000 ---p 00000000 00:00 0 
7fd0bc000000-7fd0bc021000 rw-p 00000000 00:00 0 
7fd0bc021000-7fd0c0000000 ---p 00000000 00:00 0 
7fd0c4000000-7fd0c4694000 rw-p 00000000 00:00 0 
7fd0c4694000-7fd0c8000000 ---p 00000000 00:00 0 
7fd0c8000000-7fd0c8021000 rw-p 00000000 00:00 0 
7fd0c8021000-7fd0cc000000 ---p 00000000 00:00 0 
7fd0cc000000-7fd0cc021000 rw-p 00000000 00:00 0 
7fd0cc021000-7fd0d0000000 ---p 00000000 00:00 0 
7fd0d0000000-7fd0d1258000 rw-p 00000000 00:00 0 
7fd0d1258000-7fd0d4000000 ---p 00000000 00:00 0 
7fd0d4000000-7fd0d4021000 rw-p 00000000 00:00 0 
7fd0d4021000-7fd0d8000000 ---p 00000000 00:00 0 
7fd0d8000000-7fd0d8021000 rw-p 00000000 00:00 0 
7fd0d8021000-7fd0dc000000 ---p 00000000 00:00 0 
7fd0dc000000-7fd0dc021000 rw-p 00000000 00:00 0 
7fd0dc021000-7fd0e0000000 ---p 00000000 00:00 0 
7fd0e0000000-7fd0e027d000 rw-p 00000000 00:00 0 
7fd0e027d000-7fd0e4000000 ---p 00000000 00:00 0 
7fd0e4000000-7fd0e4021000 rw-p 00000000 00:00 0 
7fd0e4021000-7fd0e8000000 ---p 00000000 00:00 0 
7fd0e972d000-7fd0e972e000 ---p 00000000 00:00 0 
7fd0e972e000-7fd0e982e000 rw-p 00000000 00:00 0 
7fd0e982e000-7fd0e9831000 ---p 00000000 00:00 0 
7fd0e9831000-7fd0e992f000 rw-p 00000000 00:00 0 
7fd0e992f000-7fd0e9932000 ---p 00000000 00:00 0 
7fd0e9932000-7fd0e9a30000 rw-p 00000000 00:00 0 
7fd0e9a30000-7fd0e9a33000 ---p 00000000 00:00 0 
7fd0e9a33000-7fd0e9b31000 rw-p 00000000 00:00 0 
7fd0e9b31000-7fd0e9b34000 ---p 00000000 00:00 0 
7fd0e9b34000-7fd0e9c32000 rw-p 00000000 00:00 0 
7fd0e9c32000-7fd0e9ff8000 r--p 00000000 08:18 134078                     /usr/lib/locale/locale-archive
7fd0e9ff8000-7fd0e9ffb000 ---p 00000000 00:00 0 
7fd0e9ffb000-7fd0ea0f9000 rw-p 00000000 00:00 0 
7fd0ea0f9000-7fd0ea0fc000 ---p 00000000 00:00 0 
7fd0ea0fc000-7fd0ea1fa000 rw-p 00000000 00:00 0 
7fd0ea1fa000-7fd0ea1fb000 ---p 00000000 00:00 0 
7fd0ea1fb000-7fd0eae40000 rw-p 00000000 00:00 0 
7fd0eae40000-7fd0eb000000 ---p 00000000 00:00 0 
7fd0eb000000-7fd0ed000000 rw-p 00000000 00:00 0 
7fd0ed000000-7fd0ed620000 rwxp 00000000 00:00 0 
7fd0ed620000-7fd0fc000000 ---p 00000000 00:00 0 
7fd0fc000000-7fd0fc373000 rw-p 00000000 00:00 0 
7fd0fc373000-7fd100000000 ---p 00000000 00:00 0 
7fd100060000-7fd10006e000 r--s 000dc000 08:16 4064367                    /home/ubuntu1604/Android/Sdk/build-tools/21.1.0/lib/dx.jar
7fd10006e000-7fd1004d5000 rw-p 00000000 00:00 0 
7fd1004d5000-7fd1006a2000 r--s 03bec000 08:18 219                        /opt/android-studio/jre/jre/lib/rt.jar
7fd1006a2000-7fd100918000 rw-p 00000000 00:00 0 
7fd100918000-7fd100919000 ---p 00000000 00:00 0 
7fd100919000-7fd100a19000 rw-p 00000000 00:00 0 
7fd100a19000-7fd100a1a000 ---p 00000000 00:00 0 
7fd100a1a000-7fd100b2a000 rw-p 00000000 00:00 0 
7fd100b2a000-7fd100c70000 ---p 00000000 00:00 0 
7fd100c70000-7fd100c80000 rw-p 00000000 00:00 0 
7fd100c80000-7fd100dc5000 ---p 00000000 00:00 0 
7fd100dc5000-7fd100de9000 rw-p 00000000 00:00 0 
7fd100de9000-7fd100e70000 ---p 00000000 00:00 0 
7fd100e70000-7fd100e8a000 rw-p 00000000 00:00 0 
7fd100e8a000-7fd101231000 ---p 00000000 00:00 0 
7fd101231000-7fd10124b000 r-xp 00000000 08:18 246                        /opt/android-studio/jre/jre/lib/amd64/libzip.so
7fd10124b000-7fd10144b000 ---p 0001a000 08:18 246                        /opt/android-studio/jre/jre/lib/amd64/libzip.so
7fd10144b000-7fd10144c000 r--p 0001a000 08:18 246                        /opt/android-studio/jre/jre/lib/amd64/libzip.so
7fd10144c000-7fd10144d000 rw-p 0001b000 08:18 246                        /opt/android-studio/jre/jre/lib/amd64/libzip.so
7fd10144d000-7fd101458000 r-xp 00000000 08:18 661474                     /lib/x86_64-linux-gnu/libnss_files-2.23.so
7fd101458000-7fd101657000 ---p 0000b000 08:18 661474                     /lib/x86_64-linux-gnu/libnss_files-2.23.so
7fd101657000-7fd101658000 r--p 0000a000 08:18 661474                     /lib/x86_64-linux-gnu/libnss_files-2.23.so
7fd101658000-7fd101659000 rw-p 0000b000 08:18 661474                     /lib/x86_64-linux-gnu/libnss_files-2.23.so
7fd101659000-7fd10165f000 rw-p 00000000 00:00 0 
7fd10165f000-7fd10166a000 r-xp 00000000 08:18 655819                     /lib/x86_64-linux-gnu/libnss_nis-2.23.so
7fd10166a000-7fd101869000 ---p 0000b000 08:18 655819                     /lib/x86_64-linux-gnu/libnss_nis-2.23.so
7fd101869000-7fd10186a000 r--p 0000a000 08:18 655819                     /lib/x86_64-linux-gnu/libnss_nis-2.23.so
7fd10186a000-7fd10186b000 rw-p 0000b000 08:18 655819                     /lib/x86_64-linux-gnu/libnss_nis-2.23.so
7fd10186b000-7fd101881000 r-xp 00000000 08:18 659741                     /lib/x86_64-linux-gnu/libnsl-2.23.so
7fd101881000-7fd101a80000 ---p 00016000 08:18 659741                     /lib/x86_64-linux-gnu/libnsl-2.23.so
7fd101a80000-7fd101a81000 r--p 00015000 08:18 659741                     /lib/x86_64-linux-gnu/libnsl-2.23.so
7fd101a81000-7fd101a82000 rw-p 00016000 08:18 659741                     /lib/x86_64-linux-gnu/libnsl-2.23.so
7fd101a82000-7fd101a84000 rw-p 00000000 00:00 0 
7fd101a84000-7fd101a8c000 r-xp 00000000 08:18 661724                     /lib/x86_64-linux-gnu/libnss_compat-2.23.so
7fd101a8c000-7fd101c8b000 ---p 00008000 08:18 661724                     /lib/x86_64-linux-gnu/libnss_compat-2.23.so
7fd101c8b000-7fd101c8c000 r--p 00007000 08:18 661724                     /lib/x86_64-linux-gnu/libnss_compat-2.23.so
7fd101c8c000-7fd101c8d000 rw-p 00008000 08:18 661724                     /lib/x86_64-linux-gnu/libnss_compat-2.23.so
7fd101c8d000-7fd101cba000 r-xp 00000000 08:18 256                        /opt/android-studio/jre/jre/lib/amd64/libjava.so
7fd101cba000-7fd101eb9000 ---p 0002d000 08:18 256                        /opt/android-studio/jre/jre/lib/amd64/libjava.so
7fd101eb9000-7fd101eba000 r--p 0002c000 08:18 256                        /opt/android-studio/jre/jre/lib/amd64/libjava.so
7fd101eba000-7fd101ebc000 rw-p 0002d000 08:18 256                        /opt/android-studio/jre/jre/lib/amd64/libjava.so
7fd101ebc000-7fd101ecc000 r-xp 00000000 08:18 272                        /opt/android-studio/jre/jre/lib/amd64/libverify.so
7fd101ecc000-7fd1020cb000 ---p 00010000 08:18 272                        /opt/android-studio/jre/jre/lib/amd64/libverify.so
7fd1020cb000-7fd1020cd000 r--p 0000f000 08:18 272                        /opt/android-studio/jre/jre/lib/amd64/libverify.so
7fd1020cd000-7fd1020ce000 rw-p 00011000 08:18 272                        /opt/android-studio/jre/jre/lib/amd64/libverify.so
7fd1020ce000-7fd1020d5000 r-xp 00000000 08:18 661800                     /lib/x86_64-linux-gnu/librt-2.23.so
7fd1020d5000-7fd1022d4000 ---p 00007000 08:18 661800                     /lib/x86_64-linux-gnu/librt-2.23.so
7fd1022d4000-7fd1022d5000 r--p 00006000 08:18 661800                     /lib/x86_64-linux-gnu/librt-2.23.so
7fd1022d5000-7fd1022d6000 rw-p 00007000 08:18 661800                     /lib/x86_64-linux-gnu/librt-2.23.so
7fd1022d6000-7fd1023de000 r-xp 00000000 08:18 659610                     /lib/x86_64-linux-gnu/libm-2.23.so
7fd1023de000-7fd1025dd000 ---p 00108000 08:18 659610                     /lib/x86_64-linux-gnu/libm-2.23.so
7fd1025dd000-7fd1025de000 r--p 00107000 08:18 659610                     /lib/x86_64-linux-gnu/libm-2.23.so
7fd1025de000-7fd1025df000 rw-p 00108000 08:18 659610                     /lib/x86_64-linux-gnu/libm-2.23.so
7fd1025df000-7fd1031c5000 r-xp 00000000 08:18 276                        /opt/android-studio/jre/jre/lib/amd64/server/libjvm.so
7fd1031c5000-7fd1033c5000 ---p 00be6000 08:18 276                        /opt/android-studio/jre/jre/lib/amd64/server/libjvm.so
7fd1033c5000-7fd103464000 r--p 00be6000 08:18 276                        /opt/android-studio/jre/jre/lib/amd64/server/libjvm.so
7fd103464000-7fd10348d000 rw-p 00c85000 08:18 276                        /opt/android-studio/jre/jre/lib/amd64/server/libjvm.so
7fd10348d000-7fd1034cf000 rw-p 00000000 00:00 0 
7fd1034cf000-7fd1034e7000 r-xp 00000000 08:18 662597                     /lib/x86_64-linux-gnu/libpthread-2.23.so
7fd1034e7000-7fd1036e6000 ---p 00018000 08:18 662597                     /lib/x86_64-linux-gnu/libpthread-2.23.so
7fd1036e6000-7fd1036e7000 r--p 00017000 08:18 662597                     /lib/x86_64-linux-gnu/libpthread-2.23.so
7fd1036e7000-7fd1036e8000 rw-p 00018000 08:18 662597                     /lib/x86_64-linux-gnu/libpthread-2.23.so
7fd1036e8000-7fd1036ec000 rw-p 00000000 00:00 0 
7fd1036ec000-7fd1036ef000 r-xp 00000000 08:18 655797                     /lib/x86_64-linux-gnu/libdl-2.23.so
7fd1036ef000-7fd1038ee000 ---p 00003000 08:18 655797                     /lib/x86_64-linux-gnu/libdl-2.23.so
7fd1038ee000-7fd1038ef000 r--p 00002000 08:18 655797                     /lib/x86_64-linux-gnu/libdl-2.23.so
7fd1038ef000-7fd1038f0000 rw-p 00003000 08:18 655797                     /lib/x86_64-linux-gnu/libdl-2.23.so
7fd1038f0000-7fd103aaf000 r-xp 00000000 08:18 659754                     /lib/x86_64-linux-gnu/libc-2.23.so
7fd103aaf000-7fd103caf000 ---p 001bf000 08:18 659754                     /lib/x86_64-linux-gnu/libc-2.23.so
7fd103caf000-7fd103cb3000 r--p 001bf000 08:18 659754                     /lib/x86_64-linux-gnu/libc-2.23.so
7fd103cb3000-7fd103cb5000 rw-p 001c3000 08:18 659754                     /lib/x86_64-linux-gnu/libc-2.23.so
7fd103cb5000-7fd103cb9000 rw-p 00000000 00:00 0 
7fd103cb9000-7fd103ccf000 r-xp 00000000 08:18 1202604                    /opt/android-studio/jre/lib/amd64/jli/libjli.so
7fd103ccf000-7fd103ece000 ---p 00016000 08:18 1202604                    /opt/android-studio/jre/lib/amd64/jli/libjli.so
7fd103ece000-7fd103ecf000 r--p 00015000 08:18 1202604                    /opt/android-studio/jre/lib/amd64/jli/libjli.so
7fd103ecf000-7fd103ed0000 rw-p 00016000 08:18 1202604                    /opt/android-studio/jre/lib/amd64/jli/libjli.so
7fd103ed0000-7fd103ef6000 r-xp 00000000 08:18 660533                     /lib/x86_64-linux-gnu/ld-2.23.so
7fd103efa000-7fd103fca000 rw-p 00000000 00:00 0 
7fd103fca000-7fd103fcd000 ---p 00000000 00:00 0 
7fd103fcd000-7fd1040cf000 rw-p 00000000 00:00 0 
7fd1040d5000-7fd1040e9000 rw-p 00000000 00:00 0 
7fd1040e9000-7fd1040f1000 rw-s 00000000 08:18 967461                     /tmp/hsperfdata_ubuntu1604/10562
7fd1040f1000-7fd1040f2000 rw-p 00000000 00:00 0 
7fd1040f2000-7fd1040f3000 ---p 00000000 00:00 0 
7fd1040f3000-7fd1040f5000 rw-p 00000000 00:00 0 
7fd1040f5000-7fd1040f6000 r--p 00025000 08:18 660533                     /lib/x86_64-linux-gnu/ld-2.23.so
7fd1040f6000-7fd1040f7000 rw-p 00026000 08:18 660533                     /lib/x86_64-linux-gnu/ld-2.23.so
7fd1040f7000-7fd1040f8000 rw-p 00000000 00:00 0 
7ffda4ee0000-7ffda4f01000 rw-p 00000000 00:00 0                          [stack]
7ffda4f2f000-7ffda4f31000 r--p 00000000 00:00 0                          [vvar]
7ffda4f31000-7ffda4f33000 r-xp 00000000 00:00 0                          [vdso]
ffffffffff600000-ffffffffff601000 r-xp 00000000 00:00 0                  [vsyscall]

VM Arguments:
jvm_args: -Djava.awt.headless=true -Xmx1024M -Dfile.encoding=UTF-8 -Duser.country=IN -Duser.language=en -Duser.variant 
java_command: com.android.dx.command.Main --dex --force-jumbo --multi-dex --output /home/ubuntu1604/MyValet/app/build/intermediates/transforms/dex/debug/folders/1000/5/slice_7 /home/ubuntu1604/MyValet/app/build/intermediates/transforms/instantRunSlicer/debug/folders/1/5/slice_7
java_class_path (initial): /home/ubuntu1604/Android/Sdk/build-tools/21.1.0/lib/dx.jar
Launcher Type: SUN_STANDARD

Environment Variables:
JAVA_HOME=/usr/lib/jvm/java-8-oracle
PATH=/usr/local/sbin:/usr/local/bin:/usr/sbin:/usr/bin:/sbin:/bin:/usr/games:/usr/local/games:/snap/bin:/usr/lib/jvm/java-8-oracle/bin:/usr/lib/jvm/java-8-oracle/db/bin:/usr/lib/jvm/java-8-oracle/jre/bin
LD_LIBRARY_PATH=/opt/android-studio/bin:
SHELL=/bin/bash
DISPLAY=:0

Signal Handlers:
SIGSEGV: [libjvm.so+0x9daac0], sa_mask[0]=11111111011111111101111111111110, sa_flags=SA_RESTART|SA_SIGINFO
SIGBUS: [libjvm.so+0x9daac0], sa_mask[0]=11111111011111111101111111111110, sa_flags=SA_RESTART|SA_SIGINFO
SIGFPE: [libjvm.so+0x840d90], sa_mask[0]=11111111011111111101111111111110, sa_flags=SA_RESTART|SA_SIGINFO
SIGPIPE: [libjvm.so+0x840d90], sa_mask[0]=11111111011111111101111111111110, sa_flags=SA_RESTART|SA_SIGINFO
SIGXFSZ: [libjvm.so+0x840d90], sa_mask[0]=11111111011111111101111111111110, sa_flags=SA_RESTART|SA_SIGINFO
SIGILL: [libjvm.so+0x840d90], sa_mask[0]=11111111011111111101111111111110, sa_flags=SA_RESTART|SA_SIGINFO
SIGUSR1: SIG_DFL, sa_mask[0]=00000000000000000000000000000000, sa_flags=none
SIGUSR2: [libjvm.so+0x840c60], sa_mask[0]=00100000000000000000000000000000, sa_flags=SA_RESTART|SA_SIGINFO
SIGHUP: [libjvm.so+0x840e50], sa_mask[0]=11111111011111111101111111111110, sa_flags=SA_RESTART|SA_SIGINFO
SIGINT: [libjvm.so+0x840e50], sa_mask[0]=11111111011111111101111111111110, sa_flags=SA_RESTART|SA_SIGINFO
SIGTERM: [libjvm.so+0x840e50], sa_mask[0]=11111111011111111101111111111110, sa_flags=SA_RESTART|SA_SIGINFO
SIGQUIT: [libjvm.so+0x840e50], sa_mask[0]=11111111011111111101111111111110, sa_flags=SA_RESTART|SA_SIGINFO


---------------  S Y S T E M  ---------------

OS:DISTRIB_ID=Ubuntu
DISTRIB_RELEASE=16.04
DISTRIB_CODENAME=xenial
DISTRIB_DESCRIPTION="Ubuntu 16.04.2 LTS"

uname:Linux 4.4.0-70-generic #91-Ubuntu SMP Wed Mar 22 12:47:43 UTC 2017 x86_64
libc:glibc 2.23 NPTL 2.23 
rlimit: STACK 8192k, CORE 0k, NPROC 11842, NOFILE 65536, AS infinity
load average:32.30 31.19 17.83

/proc/meminfo:
MemTotal:        3072224 kB
MemFree:           77740 kB
MemAvailable:      21696 kB
Buffers:             736 kB
Cached:           360148 kB
SwapCached:            0 kB
Active:          2532496 kB
Inactive:         338352 kB
Active(anon):    2524788 kB
Inactive(anon):   329048 kB
Active(file):       7708 kB
Inactive(file):     9304 kB
Unevictable:          48 kB
Mlocked:              48 kB
SwapTotal:             0 kB
SwapFree:              0 kB
Dirty:               148 kB
Writeback:             0 kB
AnonPages:       2510180 kB
Mapped:            39160 kB
Shmem:            343704 kB
Slab:              56416 kB
SReclaimable:      29608 kB
SUnreclaim:        26808 kB
KernelStack:        8480 kB
PageTables:        33516 kB
NFS_Unstable:          0 kB
Bounce:                0 kB
WritebackTmp:          0 kB
CommitLimit:     1536112 kB
Committed_AS:    6169236 kB
VmallocTotal:   34359738367 kB
VmallocUsed:           0 kB
VmallocChunk:          0 kB
HardwareCorrupted:     0 kB
AnonHugePages:   1107968 kB
CmaTotal:              0 kB
CmaFree:               0 kB
HugePages_Total:       0
HugePages_Free:        0
HugePages_Rsvd:        0
HugePages_Surp:        0
Hugepagesize:       2048 kB
DirectMap4k:      126912 kB
DirectMap2M:     3010560 kB


CPU:total 2 (2 cores per cpu, 1 threads per core) family 6 model 15 stepping 13, cmov, cx8, fxsr, mmx, sse, sse2, sse3, ssse3, tsc

/proc/cpuinfo:
processor	: 0
vendor_id	: GenuineIntel
cpu family	: 6
model		: 15
model name	: Intel(R) Pentium(R) Dual  CPU  E2200  @ 2.20GHz
stepping	: 13
microcode	: 0xa1
cpu MHz		: 2200.000
cache size	: 1024 KB
physical id	: 0
siblings	: 2
core id		: 0
cpu cores	: 2
apicid		: 0
initial apicid	: 0
fpu		: yes
fpu_exception	: yes
cpuid level	: 10
wp		: yes
flags		: fpu vme de pse tsc msr pae mce cx8 apic sep mtrr pge mca cmov pat pse36 clflush dts acpi mmx fxsr sse sse2 ss ht tm pbe syscall nx lm constant_tsc arch_perfmon pebs bts rep_good nopl aperfmperf pni dtes64 monitor ds_cpl est tm2 ssse3 cx16 xtpr pdcm lahf_lm dtherm
bugs		:
bogomips	: 4399.91
clflush size	: 64
cache_alignment	: 64
address sizes	: 36 bits physical, 48 bits virtual
power management:

processor	: 1
vendor_id	: GenuineIntel
cpu family	: 6
model		: 15
model name	: Intel(R) Pentium(R) Dual  CPU  E2200  @ 2.20GHz
stepping	: 13
microcode	: 0xa1
cpu MHz		: 2200.000
cache size	: 1024 KB
physical id	: 0
siblings	: 2
core id		: 1
cpu cores	: 2
apicid		: 1
initial apicid	: 1
fpu		: yes
fpu_exception	: yes
cpuid level	: 10
wp		: yes
flags		: fpu vme de pse tsc msr pae mce cx8 apic sep mtrr pge mca cmov pat pse36 clflush dts acpi mmx fxsr sse sse2 ss ht tm pbe syscall nx lm constant_tsc arch_perfmon pebs bts rep_good nopl aperfmperf pni dtes64 monitor ds_cpl est tm2 ssse3 cx16 xtpr pdcm lahf_lm dtherm
bugs		:
bogomips	: 4399.91
clflush size	: 64
cache_alignment	: 64
address sizes	: 36 bits physical, 48 bits virtual
power management:



Memory: 4k page, physical 3072224k(77740k free), swap 0k(0k free)

vm_info: OpenJDK 64-Bit Server VM (25.76-b03) for linux-amd64 JRE (1.8.0_76-release-b03), built on Jun 29 2016 09:39:19 by "builder" with gcc 4.8.4

time: Sat Jun  3 00:01:34 2017
elapsed time: 614 seconds (0d 0h 10m 14s)

